Arguments: 
  /usr/local/bin/node /Users/alan/.yarn/bin/yarn.js update global babel-node

PATH: 
  /usr/local/heroku/bin:/Users/alan/.yarn/bin:/Users/alan/.config/yarn/global/node_modules/.bin:/usr/local/bin:/usr/bin:/bin:/usr/sbin:/sbin:/usr/local/bin:/Users/alan/composer-packages/vendor/bin:/usr/local/share/npm/bin:/usr/texbin:/usr/local/go/bin:/opt/X11/bin:/Library/Frameworks/Mono.framework/Versions/Current/Commands:/Applications/Wireshark.app/Contents/MacOS:/Users/alan/torch/install/bin:/Users/alan/.composer/vendor/bin:/Users/alan/.rvm/bin

Yarn version: 
  1.5.1

Node version: 
  9.5.0

Platform: 
  darwin x64

npm manifest: 
  {
    "name": "brain",
    "version": "1.0.0",
    "main": "index.js",
    "license": "MIT",
    "dependencies": {
      "brain.js": "^1.1.2"
    }
  }

yarn manifest: 
  No manifest

Lockfile: 
  # THIS IS AN AUTOGENERATED FILE. DO NOT EDIT THIS FILE DIRECTLY.
  # yarn lockfile v1
  
  
  acorn@^5.1.1:
    version "5.5.3"
    resolved "https://registry.yarnpkg.com/acorn/-/acorn-5.5.3.tgz#f473dd47e0277a08e28e9bec5aeeb04751f0b8c9"
  
  brain.js@^1.1.2:
    version "1.1.2"
    resolved "https://registry.yarnpkg.com/brain.js/-/brain.js-1.1.2.tgz#261c67cb6fc62918954e30836850868f89c77773"
    dependencies:
      gpu.js "^1.0.0"
      thaw.js "^2.0.0"
  
  gpu.js@^1.0.0:
    version "1.2.0"
    resolved "https://registry.yarnpkg.com/gpu.js/-/gpu.js-1.2.0.tgz#3af30623c6054a11198725fb6dd9ae625ca9fa89"
    dependencies:
      acorn "^5.1.1"
  
  thaw.js@^2.0.0:
    version "2.0.0"
    resolved "https://registry.yarnpkg.com/thaw.js/-/thaw.js-2.0.0.tgz#452bc5d7ee2ce1b6f92037b05b506cbd656291d0"

Trace: 
  Error: Command "update" not found.
      at new MessageError (/Users/alan/.yarn/lib/cli.js:186:110)
      at /Users/alan/.yarn/lib/cli.js:87307:17
      at Generator.next (<anonymous>)
      at step (/Users/alan/.yarn/lib/cli.js:98:30)
      at /Users/alan/.yarn/lib/cli.js:116:14
      at new Promise (<anonymous>)
      at new F (/Users/alan/.yarn/lib/cli.js:23451:28)
      at /Users/alan/.yarn/lib/cli.js:95:12
      at runCommand (/Users/alan/.yarn/lib/cli.js:87312:22)
      at Object.<anonymous> (/Users/alan/.yarn/lib/cli.js:87412:14)
